::1 - - [25/Feb/2020:22:17:42 +0000] "GET /items?search=Pasta&offset=1&limit=10&order=1 HTTP/1.1" 500 1882 "-" "PostmanRuntime/7.22.0"
::1 - - [25/Feb/2020:22:18:17 +0000] "GET /items?search=Pasta&offset=1&limit=10&order=1 HTTP/1.1" 500 2288 "-" "PostmanRuntime/7.22.0"
::1 - - [25/Feb/2020:22:19:38 +0000] "GET /items?search=Pasta&offset=1&limit=10&order=1 HTTP/1.1" 500 1885 "-" "PostmanRuntime/7.22.0"
::1 - - [25/Feb/2020:22:21:50 +0000] "GET /items?search=Pasta&offset=1&limit=10&order=1 HTTP/1.1" 500 1904 "-" "PostmanRuntime/7.22.0"
::1 - - [25/Feb/2020:22:23:12 +0000] "GET /items?search=Pasta&offset=1&limit=10&order=1 HTTP/1.1" 500 1904 "-" "PostmanRuntime/7.22.0"
::1 - - [25/Feb/2020:22:24:09 +0000] "GET /items?search=Pasta&offset=1&limit=10&order=1 HTTP/1.1" 500 1904 "-" "PostmanRuntime/7.22.0"
::1 - - [25/Feb/2020:22:24:47 +0000] "GET /items?search=Pasta&offset=1&limit=10&order=1 HTTP/1.1" 200 2 "-" "PostmanRuntime/7.22.0"
::1 - - [25/Feb/2020:22:26:51 +0000] "GET /items?search=Pasta&offset=1&limit=10&order=1 HTTP/1.1" 200 955 "-" "PostmanRuntime/7.22.0"
::1 - - [25/Feb/2020:22:27:12 +0000] "POST /items HTTP/1.1" 200 167 "-" "PostmanRuntime/7.22.0"
::1 - - [25/Feb/2020:22:27:22 +0000] "POST /items HTTP/1.1" 200 177 "-" "PostmanRuntime/7.22.0"
::1 - - [25/Feb/2020:22:28:23 +0000] "GET /items?search=Pasta&offset=1&limit=10&order=1 HTTP/1.1" 200 2 "-" "PostmanRuntime/7.22.0"
::1 - - [25/Feb/2020:22:28:41 +0000] "GET /items?search=Guilherme&offset=1&limit=10&order=1 HTTP/1.1" 200 2 "-" "PostmanRuntime/7.22.0"
::1 - - [25/Feb/2020:22:28:46 +0000] "GET /items?search=Guilherme%20Cruz&offset=1&limit=10&order=1 HTTP/1.1" 200 1273 "-" "PostmanRuntime/7.22.0"
::1 - - [25/Feb/2020:22:28:51 +0000] "GET /items?search=Test&offset=1&limit=10&order=1 HTTP/1.1" 200 309 "-" "PostmanRuntime/7.22.0"
::1 - - [25/Feb/2020:22:31:29 +0000] "POST /items HTTP/1.1" 200 177 "-" "PostmanRuntime/7.22.0"
::1 - - [25/Feb/2020:22:39:07 +0000] "GET /items/5e55a041995f6c81881c21d1/ HTTP/1.1" 404 47 "-" "PostmanRuntime/7.22.0"
::1 - - [25/Feb/2020:22:40:38 +0000] "GET /items/5e55a041995f6c81881c21d1/ HTTP/1.1" 200 2 "-" "PostmanRuntime/7.22.0"
::1 - - [25/Feb/2020:22:41:47 +0000] "GET /items/5e55a041995f6c81881c21d/ HTTP/1.1" 200 2 "-" "PostmanRuntime/7.22.0"
::1 - - [25/Feb/2020:22:43:04 +0000] "GET /items/5e55a041995f6c81881c21d1/ HTTP/1.1" 200 2 "-" "PostmanRuntime/7.22.0"
::1 - - [25/Feb/2020:22:43:58 +0000] "GET /items/5e55a041995f6c81881c21d1/ HTTP/1.1" 400 45 "-" "PostmanRuntime/7.22.0"
::1 - - [25/Feb/2020:22:45:13 +0000] "GET /items/5e55a041995f6c81881c21d1/ HTTP/1.1" 200 0 "-" "PostmanRuntime/7.22.0"
::1 - - [25/Feb/2020:22:46:09 +0000] "GET /items/5e55a041995f6c81881c21d1/ HTTP/1.1" 400 38 "-" "PostmanRuntime/7.22.0"
::1 - - [25/Feb/2020:22:46:59 +0000] "GET /items/5e55a041995f6c81881c21d1/ HTTP/1.1" 400 62 "-" "PostmanRuntime/7.22.0"
::1 - - [25/Feb/2020:22:47:12 +0000] "GET /items/5e55a041995f6c81881c21d1/ HTTP/1.1" 400 258 "-" "PostmanRuntime/7.22.0"
::1 - - [25/Feb/2020:22:48:13 +0000] "GET /items/5e55a041995f6c81881c21d1/ HTTP/1.1" 200 0 "-" "PostmanRuntime/7.22.0"
::1 - - [25/Feb/2020:22:48:30 +0000] "GET /items/5e55a041995f6c81881c21d/ HTTP/1.1" 400 332 "-" "PostmanRuntime/7.22.0"
::1 - - [25/Feb/2020:22:48:40 +0000] "GET /items/5e55a041995f6c81881c21d1/ HTTP/1.1" 200 0 "-" "PostmanRuntime/7.22.0"
::1 - - [25/Feb/2020:22:49:23 +0000] "GET /items/5e55a041995f6c81881c21d1/ HTTP/1.1" 200 317 "-" "PostmanRuntime/7.22.0"
::1 - - [25/Feb/2020:22:49:29 +0000] "GET /items/5e55a041995f6c81881c21d2/ HTTP/1.1" 200 0 "-" "PostmanRuntime/7.22.0"
::1 - - [25/Feb/2020:22:49:34 +0000] "GET /items/5e55a041995f6c81881c21d1/ HTTP/1.1" 200 317 "-" "PostmanRuntime/7.22.0"
